<?xml version="1.0" encoding="UTF-8"?>
<!-- Generated by org.testng.reporters.JUnitReportReporter -->
<testsuite hostname="Jaymins-MacBook-Air.local" failures="0" tests="2" name="testcases.suitea.LoginTest" time="0.007" errors="0" timestamp="2021-05-31T23:23:47 EDT" skipped="0">
  <testcase classname="testcases.suitea.LoginTest" name="doLogin" time="0.006"/>
  <testcase classname="testcases.suitea.LoginTest" name="logout" time="0.001"/>
</testsuite> <!-- testcases.suitea.LoginTest -->
