<?xml version="1.0" encoding="UTF-8"?>
<!-- Generated by org.testng.reporters.JUnitReportReporter -->
<testsuite hostname="Jaymins-MacBook-Air.local" failures="0" tests="6" name="testcases.suitea.CreateUser" time="0.006" errors="0" timestamp="2021-05-31T23:23:47 EDT" skipped="0">
  <testcase classname="testcases.suitea.CreateUser" name="deleteUser" time="0.001"/>
  <testcase classname="testcases.suitea.CreateUser" name="createUser" time="0.001"/>
  <testcase classname="testcases.suitea.CreateUser" name="createUser" time="0.002"/>
  <testcase classname="testcases.suitea.CreateUser" name="deleteUser" time="0.001"/>
  <testcase classname="testcases.suitea.CreateUser" name="deleteUser" time="0.000"/>
  <testcase classname="testcases.suitea.CreateUser" name="createUser" time="0.001"/>
</testsuite> <!-- testcases.suitea.CreateUser -->
